<?xml version="1.0" encoding="UTF-8"?>
<!-- Generated by org.testng.reporters.JUnitReportReporter -->
<testsuite hostname="Radhagobinda" failures="0" tests="2" name="petPooja.practiseQuestions" time="22.012" errors="0" timestamp="2026-02-22T20:36:39 IST" skipped="1">
  <testcase classname="petPooja.practiseQuestions" name="dataProviderT" time="22.012"/>
  <testcase classname="petPooja.practiseQuestions" name="tests">
    <skipped/>
  </testcase> <!-- tests -->
</testsuite> <!-- petPooja.practiseQuestions -->
