<?xml version="1.0" encoding="UTF-8"?>
<!-- Generated by org.testng.reporters.JUnitReportReporter -->
<testsuite hostname="Radhagobinda" failures="0" tests="2" name="QuestinAskedInIntervview.HiddenElement" time="10.690" errors="0" timestamp="2026-05-23T10:34:38 IST" skipped="1">
  <testcase classname="QuestinAskedInIntervview.HiddenElement" name="toggleButton" time="10.690"/>
  <testcase classname="QuestinAskedInIntervview.HiddenElement" name="testMethod">
    <skipped/>
  </testcase> <!-- testMethod -->
</testsuite> <!-- QuestinAskedInIntervview.HiddenElement -->
