<?xml version="1.0" encoding="UTF-8"?>
<!-- Generated by org.testng.reporters.JUnitReportReporter -->
<testsuite hostname="Radhagobinda" failures="0" tests="4" name="webTablePractise.WebTablePractiseWithTestCases" time="17.689" errors="0" timestamp="2026-03-07T20:56:36 IST" skipped="1">
  <testcase classname="webTablePractise.WebTablePractiseWithTestCases" name="Sorting" time="7.267"/>
  <testcase classname="webTablePractise.WebTablePractiseWithTestCases" name="checkLexographic" time="4.004"/>
  <testcase classname="webTablePractise.WebTablePractiseWithTestCases" name="checkBefinner" time="6.418"/>
  <testcase classname="webTablePractise.WebTablePractiseWithTestCases" name="extractingData">
    <skipped/>
  </testcase> <!-- extractingData -->
</testsuite> <!-- webTablePractise.WebTablePractiseWithTestCases -->
