<?xml version="1.0" encoding="UTF-8"?>
<!-- Generated by org.testng.reporters.JUnitReportReporter -->
<testsuite hostname="Radhagobinda" failures="0" tests="2" name="PractiseQuestions.DropdownPractise" time="21.097" errors="0" timestamp="2026-05-24T21:22:16 IST" skipped="1">
  <testcase classname="PractiseQuestions.DropdownPractise" name="fasterExecution" time="21.097"/>
  <testcase classname="PractiseQuestions.DropdownPractise" name="testMethod">
    <skipped/>
  </testcase> <!-- testMethod -->
</testsuite> <!-- PractiseQuestions.DropdownPractise -->
