<?xml version="1.0" encoding="UTF-8"?>
<testng-results ignored="0" total="1" passed="1" failed="0" skipped="0">
  <reporter-output>
  </reporter-output>
  <suite started-at="2026-05-30T10:43:50 IST" name="Default suite" finished-at="2026-05-30T10:44:11 IST" duration-ms="20863">
    <groups>
    </groups>
    <test started-at="2026-05-30T10:43:50 IST" name="Default test" finished-at="2026-05-30T10:44:11 IST" duration-ms="20863">
      <class name="QuestinAskedInIntervview.MouseHoverPractise">
        <test-method is-config="true" signature="openApp()[pri:0, instance:QuestinAskedInIntervview.MouseHoverPractise@b3ca52e]" started-at="2026-05-30T10:43:51 IST" name="openApp" finished-at="2026-05-30T10:43:56 IST" duration-ms="5729" status="PASS">
          <reporter-output>
          </reporter-output>
        </test-method> <!-- openApp -->
        <test-method signature="testMethod()[pri:0, instance:QuestinAskedInIntervview.MouseHoverPractise@b3ca52e]" started-at="2026-05-30T10:43:56 IST" name="testMethod" finished-at="2026-05-30T10:44:11 IST" duration-ms="14754" status="PASS">
          <reporter-output>
          </reporter-output>
        </test-method> <!-- testMethod -->
        <test-method is-config="true" signature="closeApp()[pri:0, instance:QuestinAskedInIntervview.MouseHoverPractise@b3ca52e]" started-at="2026-05-30T10:44:11 IST" name="closeApp" finished-at="2026-05-30T10:44:11 IST" duration-ms="282" status="PASS">
          <reporter-output>
          </reporter-output>
        </test-method> <!-- closeApp -->
      </class> <!-- QuestinAskedInIntervview.MouseHoverPractise -->
    </test> <!-- Default test -->
  </suite> <!-- Default suite -->
</testng-results>
